<?xml version="1.0" encoding="UTF-8"?>
<testsuite xmlns:xsi="http://www.w3.org/2001/XMLSchema-instance" xsi:noNamespaceSchemaLocation="https://maven.apache.org/surefire/maven-surefire-plugin/xsd/surefire-test-report.xsd" name="com.bil.contract.simson.ContractTest" time="1.792" tests="1" errors="0" skipped="0" failures="0">
  <properties>
    <property name="gopherProxySet" value="false"/>
    <property name="awt.toolkit" value="sun.lwawt.macosx.LWCToolkit"/>
    <property name="java.specification.version" value="11"/>
    <property name="sun.cpu.isalist" value=""/>
    <property name="sun.jnu.encoding" value="UTF-8"/>
    <property name="java.class.path" value="/Users/itdirectbankbil/IdeaProjects/contracts-lab/simson-client-pact/target/test-classes:/Users/itdirectbankbil/IdeaProjects/contracts-lab/simson-client-pact/target/classes:/Users/itdirectbankbil/mvnrepo/org/projectlombok/lombok/1.18.8/lombok-1.18.8.jar:/Users/itdirectbankbil/mvnrepo/org/springframework/boot/spring-boot-starter-test/2.1.5.RELEASE/spring-boot-starter-test-2.1.5.RELEASE.jar:/Users/itdirectbankbil/mvnrepo/org/springframework/boot/spring-boot-starter/2.1.5.RELEASE/spring-boot-starter-2.1.5.RELEASE.jar:/Users/itdirectbankbil/mvnrepo/org/springframework/boot/spring-boot/2.1.5.RELEASE/spring-boot-2.1.5.RELEASE.jar:/Users/itdirectbankbil/mvnrepo/org/springframework/spring-context/5.1.7.RELEASE/spring-context-5.1.7.RELEASE.jar:/Users/itdirectbankbil/mvnrepo/org/springframework/spring-expression/5.1.7.RELEASE/spring-expression-5.1.7.RELEASE.jar:/Users/itdirectbankbil/mvnrepo/org/springframework/boot/spring-boot-autoconfigure/2.1.5.RELEASE/spring-boot-autoconfigure-2.1.5.RELEASE.jar:/Users/itdirectbankbil/mvnrepo/org/springframework/boot/spring-boot-starter-logging/2.1.5.RELEASE/spring-boot-starter-logging-2.1.5.RELEASE.jar:/Users/itdirectbankbil/mvnrepo/ch/qos/logback/logback-classic/1.2.3/logback-classic-1.2.3.jar:/Users/itdirectbankbil/mvnrepo/ch/qos/logback/logback-core/1.2.3/logback-core-1.2.3.jar:/Users/itdirectbankbil/mvnrepo/org/apache/logging/log4j/log4j-to-slf4j/2.11.2/log4j-to-slf4j-2.11.2.jar:/Users/itdirectbankbil/mvnrepo/org/apache/logging/log4j/log4j-api/2.11.2/log4j-api-2.11.2.jar:/Users/itdirectbankbil/mvnrepo/org/slf4j/jul-to-slf4j/1.7.26/jul-to-slf4j-1.7.26.jar:/Users/itdirectbankbil/mvnrepo/javax/annotation/javax.annotation-api/1.3.2/javax.annotation-api-1.3.2.jar:/Users/itdirectbankbil/mvnrepo/org/yaml/snakeyaml/1.23/snakeyaml-1.23.jar:/Users/itdirectbankbil/mvnrepo/org/springframework/boot/spring-boot-test/2.1.5.RELEASE/spring-boot-test-2.1.5.RELEASE.jar:/Users/itdirectbankbil/mvnrepo/org/springframework/boot/spring-boot-test-autoconfigure/2.1.5.RELEASE/spring-boot-test-autoconfigure-2.1.5.RELEASE.jar:/Users/itdirectbankbil/mvnrepo/com/jayway/jsonpath/json-path/2.4.0/json-path-2.4.0.jar:/Users/itdirectbankbil/mvnrepo/net/minidev/json-smart/2.3/json-smart-2.3.jar:/Users/itdirectbankbil/mvnrepo/net/minidev/accessors-smart/1.2/accessors-smart-1.2.jar:/Users/itdirectbankbil/mvnrepo/org/ow2/asm/asm/5.0.4/asm-5.0.4.jar:/Users/itdirectbankbil/mvnrepo/org/assertj/assertj-core/3.11.1/assertj-core-3.11.1.jar:/Users/itdirectbankbil/mvnrepo/org/mockito/mockito-core/2.23.4/mockito-core-2.23.4.jar:/Users/itdirectbankbil/mvnrepo/net/bytebuddy/byte-buddy/1.9.12/byte-buddy-1.9.12.jar:/Users/itdirectbankbil/mvnrepo/net/bytebuddy/byte-buddy-agent/1.9.12/byte-buddy-agent-1.9.12.jar:/Users/itdirectbankbil/mvnrepo/org/objenesis/objenesis/2.6/objenesis-2.6.jar:/Users/itdirectbankbil/mvnrepo/org/hamcrest/hamcrest-core/1.3/hamcrest-core-1.3.jar:/Users/itdirectbankbil/mvnrepo/org/hamcrest/hamcrest-library/1.3/hamcrest-library-1.3.jar:/Users/itdirectbankbil/mvnrepo/org/skyscreamer/jsonassert/1.5.0/jsonassert-1.5.0.jar:/Users/itdirectbankbil/mvnrepo/com/vaadin/external/google/android-json/0.0.20131108.vaadin1/android-json-0.0.20131108.vaadin1.jar:/Users/itdirectbankbil/mvnrepo/org/springframework/spring-core/5.1.7.RELEASE/spring-core-5.1.7.RELEASE.jar:/Users/itdirectbankbil/mvnrepo/org/springframework/spring-jcl/5.1.7.RELEASE/spring-jcl-5.1.7.RELEASE.jar:/Users/itdirectbankbil/mvnrepo/org/springframework/spring-test/5.1.7.RELEASE/spring-test-5.1.7.RELEASE.jar:/Users/itdirectbankbil/mvnrepo/org/xmlunit/xmlunit-core/2.6.2/xmlunit-core-2.6.2.jar:/Users/itdirectbankbil/mvnrepo/javax/xml/bind/jaxb-api/2.3.1/jaxb-api-2.3.1.jar:/Users/itdirectbankbil/mvnrepo/javax/activation/javax.activation-api/1.2.0/javax.activation-api-1.2.0.jar:/Users/itdirectbankbil/mvnrepo/org/springframework/cloud/spring-cloud-starter-openfeign/2.1.1.RELEASE/spring-cloud-starter-openfeign-2.1.1.RELEASE.jar:/Users/itdirectbankbil/mvnrepo/org/springframework/cloud/spring-cloud-starter/2.1.1.RELEASE/spring-cloud-starter-2.1.1.RELEASE.jar:/Users/itdirectbankbil/mvnrepo/org/springframework/cloud/spring-cloud-context/2.1.1.RELEASE/spring-cloud-context-2.1.1.RELEASE.jar:/Users/itdirectbankbil/mvnrepo/org/springframework/security/spring-security-rsa/1.0.7.RELEASE/spring-security-rsa-1.0.7.RELEASE.jar:/Users/itdirectbankbil/mvnrepo/org/bouncycastle/bcpkix-jdk15on/1.60/bcpkix-jdk15on-1.60.jar:/Users/itdirectbankbil/mvnrepo/org/bouncycastle/bcprov-jdk15on/1.60/bcprov-jdk15on-1.60.jar:/Users/itdirectbankbil/mvnrepo/org/springframework/cloud/spring-cloud-openfeign-core/2.1.1.RELEASE/spring-cloud-openfeign-core-2.1.1.RELEASE.jar:/Users/itdirectbankbil/mvnrepo/org/springframework/cloud/spring-cloud-netflix-ribbon/2.1.1.RELEASE/spring-cloud-netflix-ribbon-2.1.1.RELEASE.jar:/Users/itdirectbankbil/mvnrepo/org/springframework/cloud/spring-cloud-netflix-archaius/2.1.1.RELEASE/spring-cloud-netflix-archaius-2.1.1.RELEASE.jar:/Users/itdirectbankbil/mvnrepo/org/springframework/boot/spring-boot-starter-aop/2.1.5.RELEASE/spring-boot-starter-aop-2.1.5.RELEASE.jar:/Users/itdirectbankbil/mvnrepo/org/springframework/spring-aop/5.1.7.RELEASE/spring-aop-5.1.7.RELEASE.jar:/Users/itdirectbankbil/mvnrepo/org/aspectj/aspectjweaver/1.9.4/aspectjweaver-1.9.4.jar:/Users/itdirectbankbil/mvnrepo/io/github/openfeign/form/feign-form-spring/3.5.0/feign-form-spring-3.5.0.jar:/Users/itdirectbankbil/mvnrepo/io/github/openfeign/form/feign-form/3.5.0/feign-form-3.5.0.jar:/Users/itdirectbankbil/mvnrepo/commons-fileupload/commons-fileupload/1.3.3/commons-fileupload-1.3.3.jar:/Users/itdirectbankbil/mvnrepo/commons-io/commons-io/2.2/commons-io-2.2.jar:/Users/itdirectbankbil/mvnrepo/org/springframework/spring-web/5.1.7.RELEASE/spring-web-5.1.7.RELEASE.jar:/Users/itdirectbankbil/mvnrepo/org/springframework/spring-beans/5.1.7.RELEASE/spring-beans-5.1.7.RELEASE.jar:/Users/itdirectbankbil/mvnrepo/org/springframework/cloud/spring-cloud-commons/2.1.1.RELEASE/spring-cloud-commons-2.1.1.RELEASE.jar:/Users/itdirectbankbil/mvnrepo/org/springframework/security/spring-security-crypto/5.1.5.RELEASE/spring-security-crypto-5.1.5.RELEASE.jar:/Users/itdirectbankbil/mvnrepo/io/github/openfeign/feign-core/10.1.0/feign-core-10.1.0.jar:/Users/itdirectbankbil/mvnrepo/io/github/openfeign/feign-slf4j/10.1.0/feign-slf4j-10.1.0.jar:/Users/itdirectbankbil/mvnrepo/io/github/openfeign/feign-hystrix/10.1.0/feign-hystrix-10.1.0.jar:/Users/itdirectbankbil/mvnrepo/com/netflix/archaius/archaius-core/0.6.6/archaius-core-0.6.6.jar:/Users/itdirectbankbil/mvnrepo/com/google/code/findbugs/annotations/2.0.0/annotations-2.0.0.jar:/Users/itdirectbankbil/mvnrepo/commons-configuration/commons-configuration/1.8/commons-configuration-1.8.jar:/Users/itdirectbankbil/mvnrepo/commons-lang/commons-lang/2.6/commons-lang-2.6.jar:/Users/itdirectbankbil/mvnrepo/com/fasterxml/jackson/core/jackson-annotations/2.9.0/jackson-annotations-2.9.0.jar:/Users/itdirectbankbil/mvnrepo/com/fasterxml/jackson/core/jackson-core/2.9.8/jackson-core-2.9.8.jar:/Users/itdirectbankbil/mvnrepo/com/fasterxml/jackson/core/jackson-databind/2.9.8/jackson-databind-2.9.8.jar:/Users/itdirectbankbil/mvnrepo/com/netflix/hystrix/hystrix-core/1.4.26/hystrix-core-1.4.26.jar:/Users/itdirectbankbil/mvnrepo/io/reactivex/rxjava/1.3.8/rxjava-1.3.8.jar:/Users/itdirectbankbil/mvnrepo/io/github/openfeign/feign-gson/10.2.3/feign-gson-10.2.3.jar:/Users/itdirectbankbil/mvnrepo/com/google/code/gson/gson/2.8.5/gson-2.8.5.jar:/Users/itdirectbankbil/mvnrepo/org/hibernate/validator/hibernate-validator/6.0.16.Final/hibernate-validator-6.0.16.Final.jar:/Users/itdirectbankbil/mvnrepo/javax/validation/validation-api/2.0.1.Final/validation-api-2.0.1.Final.jar:/Users/itdirectbankbil/mvnrepo/org/jboss/logging/jboss-logging/3.3.2.Final/jboss-logging-3.3.2.Final.jar:/Users/itdirectbankbil/mvnrepo/com/fasterxml/classmate/1.4.0/classmate-1.4.0.jar:/Users/itdirectbankbil/mvnrepo/au/com/dius/pact-jvm-consumer-junit_2.12/3.5.23/pact-jvm-consumer-junit_2.12-3.5.23.jar:/Users/itdirectbankbil/mvnrepo/org/jetbrains/kotlin/kotlin-stdlib-jdk8/1.2.71/kotlin-stdlib-jdk8-1.2.71.jar:/Users/itdirectbankbil/mvnrepo/org/jetbrains/kotlin/kotlin-stdlib/1.2.71/kotlin-stdlib-1.2.71.jar:/Users/itdirectbankbil/mvnrepo/org/jetbrains/kotlin/kotlin-stdlib-common/1.2.71/kotlin-stdlib-common-1.2.71.jar:/Users/itdirectbankbil/mvnrepo/org/jetbrains/annotations/13.0/annotations-13.0.jar:/Users/itdirectbankbil/mvnrepo/org/jetbrains/kotlin/kotlin-stdlib-jdk7/1.2.71/kotlin-stdlib-jdk7-1.2.71.jar:/Users/itdirectbankbil/mvnrepo/org/jetbrains/kotlin/kotlin-reflect/1.2.71/kotlin-reflect-1.2.71.jar:/Users/itdirectbankbil/mvnrepo/org/slf4j/slf4j-api/1.7.26/slf4j-api-1.7.26.jar:/Users/itdirectbankbil/mvnrepo/org/codehaus/groovy/groovy-all/2.4.12/groovy-all-2.4.12-indy.jar:/Users/itdirectbankbil/mvnrepo/io/github/microutils/kotlin-logging/1.4.4/kotlin-logging-1.4.4.jar:/Users/itdirectbankbil/mvnrepo/org/scala-lang/scala-library/2.12.5/scala-library-2.12.5.jar:/Users/itdirectbankbil/mvnrepo/com/typesafe/scala-logging/scala-logging_2.12/3.7.2/scala-logging_2.12-3.7.2.jar:/Users/itdirectbankbil/mvnrepo/au/com/dius/pact-jvm-consumer_2.12/3.5.23/pact-jvm-consumer_2.12-3.5.23.jar:/Users/itdirectbankbil/mvnrepo/au/com/dius/pact-jvm-model/3.5.23/pact-jvm-model-3.5.23.jar:/Users/itdirectbankbil/mvnrepo/au/com/dius/pact-jvm-pact-broker/3.5.23/pact-jvm-pact-broker-3.5.23.jar:/Users/itdirectbankbil/mvnrepo/com/github/salomonbrys/kotson/kotson/2.5.0/kotson-2.5.0.jar:/Users/itdirectbankbil/mvnrepo/org/dmfs/rfc3986-uri/0.8/rfc3986-uri-0.8.jar:/Users/itdirectbankbil/mvnrepo/org/dmfs/iterators/1.5/iterators-1.5.jar:/Users/itdirectbankbil/mvnrepo/org/dmfs/optional/0.3/optional-0.3.jar:/Users/itdirectbankbil/mvnrepo/com/github/zafarkhaja/java-semver/0.9.0/java-semver-0.9.0.jar:/Users/itdirectbankbil/mvnrepo/com/amazonaws/aws-java-sdk-s3/1.11.30/aws-java-sdk-s3-1.11.30.jar:/Users/itdirectbankbil/mvnrepo/com/amazonaws/aws-java-sdk-kms/1.11.30/aws-java-sdk-kms-1.11.30.jar:/Users/itdirectbankbil/mvnrepo/com/amazonaws/aws-java-sdk-core/1.11.30/aws-java-sdk-core-1.11.30.jar:/Users/itdirectbankbil/mvnrepo/com/fasterxml/jackson/dataformat/jackson-dataformat-cbor/2.9.8/jackson-dataformat-cbor-2.9.8.jar:/Users/itdirectbankbil/mvnrepo/joda-time/joda-time/2.10.2/joda-time-2.10.2.jar:/Users/itdirectbankbil/mvnrepo/com/amazonaws/jmespath-java/1.0/jmespath-java-1.0.jar:/Users/itdirectbankbil/mvnrepo/org/apache/commons/commons-collections4/4.1/commons-collections4-4.1.jar:/Users/itdirectbankbil/mvnrepo/com/github/mifmif/generex/1.0.1/generex-1.0.1.jar:/Users/itdirectbankbil/mvnrepo/javax/mail/mail/1.5.0-b01/mail-1.5.0-b01.jar:/Users/itdirectbankbil/mvnrepo/javax/activation/activation/1.1/activation-1.1.jar:/Users/itdirectbankbil/mvnrepo/au/com/dius/pact-jvm-matchers_2.12/3.5.23/pact-jvm-matchers_2.12-3.5.23.jar:/Users/itdirectbankbil/mvnrepo/io/gatling/jsonpath_2.12/0.6.9/jsonpath_2.12-0.6.9.jar:/Users/itdirectbankbil/mvnrepo/org/scala-lang/modules/scala-parser-combinators_2.12/1.0.5/scala-parser-combinators_2.12-1.0.5.jar:/Users/itdirectbankbil/mvnrepo/org/scala-lang/modules/scala-xml_2.12/1.0.6/scala-xml_2.12-1.0.6.jar:/Users/itdirectbankbil/mvnrepo/com/googlecode/java-diff-utils/diffutils/1.3.0/diffutils-1.3.0.jar:/Users/itdirectbankbil/mvnrepo/dk/brics/automaton/automaton/1.11-8/automaton-1.11-8.jar:/Users/itdirectbankbil/mvnrepo/org/apache/httpcomponents/httpclient/4.5.8/httpclient-4.5.8.jar:/Users/itdirectbankbil/mvnrepo/org/apache/httpcomponents/httpcore/4.4.11/httpcore-4.4.11.jar:/Users/itdirectbankbil/mvnrepo/commons-codec/commons-codec/1.11/commons-codec-1.11.jar:/Users/itdirectbankbil/mvnrepo/io/netty/netty-handler/4.1.36.Final/netty-handler-4.1.36.Final.jar:/Users/itdirectbankbil/mvnrepo/io/netty/netty-common/4.1.36.Final/netty-common-4.1.36.Final.jar:/Users/itdirectbankbil/mvnrepo/io/netty/netty-buffer/4.1.36.Final/netty-buffer-4.1.36.Final.jar:/Users/itdirectbankbil/mvnrepo/io/netty/netty-transport/4.1.36.Final/netty-transport-4.1.36.Final.jar:/Users/itdirectbankbil/mvnrepo/io/netty/netty-resolver/4.1.36.Final/netty-resolver-4.1.36.Final.jar:/Users/itdirectbankbil/mvnrepo/io/netty/netty-codec/4.1.36.Final/netty-codec-4.1.36.Final.jar:/Users/itdirectbankbil/mvnrepo/org/apache/httpcomponents/httpmime/4.5.8/httpmime-4.5.8.jar:/Users/itdirectbankbil/mvnrepo/ws/unfiltered/unfiltered-netty-server_2.12/0.9.1/unfiltered-netty-server_2.12-0.9.1.jar:/Users/itdirectbankbil/mvnrepo/ws/unfiltered/unfiltered-netty_2.12/0.9.1/unfiltered-netty_2.12-0.9.1.jar:/Users/itdirectbankbil/mvnrepo/ws/unfiltered/unfiltered_2.12/0.9.1/unfiltered_2.12-0.9.1.jar:/Users/itdirectbankbil/mvnrepo/io/netty/netty-codec-http/4.1.36.Final/netty-codec-http-4.1.36.Final.jar:/Users/itdirectbankbil/mvnrepo/ws/unfiltered/unfiltered-util_2.12/0.9.1/unfiltered-util_2.12-0.9.1.jar:/Users/itdirectbankbil/mvnrepo/org/apache/httpcomponents/fluent-hc/4.5.8/fluent-hc-4.5.8.jar:/Users/itdirectbankbil/mvnrepo/commons-logging/commons-logging/1.2/commons-logging-1.2.jar:/Users/itdirectbankbil/mvnrepo/org/scala-lang/modules/scala-java8-compat_2.12/0.8.0/scala-java8-compat_2.12-0.8.0.jar:/Users/itdirectbankbil/mvnrepo/org/json/json/20160212/json-20160212.jar:/Users/itdirectbankbil/mvnrepo/org/apache/commons/commons-lang3/3.8.1/commons-lang3-3.8.1.jar:/Users/itdirectbankbil/mvnrepo/com/google/guava/guava/18.0/guava-18.0.jar:/Users/itdirectbankbil/mvnrepo/junit/junit/4.12/junit-4.12.jar:"/>
    <property name="java.vm.vendor" value="Oracle Corporation"/>
    <property name="sun.arch.data.model" value="64"/>
    <property name="java.vendor.url" value="http://java.oracle.com/"/>
    <property name="user.timezone" value=""/>
    <property name="java.vm.specification.version" value="11"/>
    <property name="os.name" value="Mac OS X"/>
    <property name="sun.java.launcher" value="SUN_STANDARD"/>
    <property name="user.country" value="LU"/>
    <property name="sun.boot.library.path" value="/Applications/jdk-11.0.2.jdk/Contents/Home/lib"/>
    <property name="sun.java.command" value="/Users/itdirectbankbil/IdeaProjects/contracts-lab/simson-client-pact/target/surefire/surefirebooter10247509155528308753.jar /Users/itdirectbankbil/IdeaProjects/contracts-lab/simson-client-pact/target/surefire 2019-06-28T16-14-53_254-jvmRun1 surefire1985683213300664678tmp surefire_015090724391834436892tmp"/>
    <property name="jdk.debug" value="release"/>
    <property name="surefire.test.class.path" value="/Users/itdirectbankbil/IdeaProjects/contracts-lab/simson-client-pact/target/test-classes:/Users/itdirectbankbil/IdeaProjects/contracts-lab/simson-client-pact/target/classes:/Users/itdirectbankbil/mvnrepo/org/projectlombok/lombok/1.18.8/lombok-1.18.8.jar:/Users/itdirectbankbil/mvnrepo/org/springframework/boot/spring-boot-starter-test/2.1.5.RELEASE/spring-boot-starter-test-2.1.5.RELEASE.jar:/Users/itdirectbankbil/mvnrepo/org/springframework/boot/spring-boot-starter/2.1.5.RELEASE/spring-boot-starter-2.1.5.RELEASE.jar:/Users/itdirectbankbil/mvnrepo/org/springframework/boot/spring-boot/2.1.5.RELEASE/spring-boot-2.1.5.RELEASE.jar:/Users/itdirectbankbil/mvnrepo/org/springframework/spring-context/5.1.7.RELEASE/spring-context-5.1.7.RELEASE.jar:/Users/itdirectbankbil/mvnrepo/org/springframework/spring-expression/5.1.7.RELEASE/spring-expression-5.1.7.RELEASE.jar:/Users/itdirectbankbil/mvnrepo/org/springframework/boot/spring-boot-autoconfigure/2.1.5.RELEASE/spring-boot-autoconfigure-2.1.5.RELEASE.jar:/Users/itdirectbankbil/mvnrepo/org/springframework/boot/spring-boot-starter-logging/2.1.5.RELEASE/spring-boot-starter-logging-2.1.5.RELEASE.jar:/Users/itdirectbankbil/mvnrepo/ch/qos/logback/logback-classic/1.2.3/logback-classic-1.2.3.jar:/Users/itdirectbankbil/mvnrepo/ch/qos/logback/logback-core/1.2.3/logback-core-1.2.3.jar:/Users/itdirectbankbil/mvnrepo/org/apache/logging/log4j/log4j-to-slf4j/2.11.2/log4j-to-slf4j-2.11.2.jar:/Users/itdirectbankbil/mvnrepo/org/apache/logging/log4j/log4j-api/2.11.2/log4j-api-2.11.2.jar:/Users/itdirectbankbil/mvnrepo/org/slf4j/jul-to-slf4j/1.7.26/jul-to-slf4j-1.7.26.jar:/Users/itdirectbankbil/mvnrepo/javax/annotation/javax.annotation-api/1.3.2/javax.annotation-api-1.3.2.jar:/Users/itdirectbankbil/mvnrepo/org/yaml/snakeyaml/1.23/snakeyaml-1.23.jar:/Users/itdirectbankbil/mvnrepo/org/springframework/boot/spring-boot-test/2.1.5.RELEASE/spring-boot-test-2.1.5.RELEASE.jar:/Users/itdirectbankbil/mvnrepo/org/springframework/boot/spring-boot-test-autoconfigure/2.1.5.RELEASE/spring-boot-test-autoconfigure-2.1.5.RELEASE.jar:/Users/itdirectbankbil/mvnrepo/com/jayway/jsonpath/json-path/2.4.0/json-path-2.4.0.jar:/Users/itdirectbankbil/mvnrepo/net/minidev/json-smart/2.3/json-smart-2.3.jar:/Users/itdirectbankbil/mvnrepo/net/minidev/accessors-smart/1.2/accessors-smart-1.2.jar:/Users/itdirectbankbil/mvnrepo/org/ow2/asm/asm/5.0.4/asm-5.0.4.jar:/Users/itdirectbankbil/mvnrepo/org/assertj/assertj-core/3.11.1/assertj-core-3.11.1.jar:/Users/itdirectbankbil/mvnrepo/org/mockito/mockito-core/2.23.4/mockito-core-2.23.4.jar:/Users/itdirectbankbil/mvnrepo/net/bytebuddy/byte-buddy/1.9.12/byte-buddy-1.9.12.jar:/Users/itdirectbankbil/mvnrepo/net/bytebuddy/byte-buddy-agent/1.9.12/byte-buddy-agent-1.9.12.jar:/Users/itdirectbankbil/mvnrepo/org/objenesis/objenesis/2.6/objenesis-2.6.jar:/Users/itdirectbankbil/mvnrepo/org/hamcrest/hamcrest-core/1.3/hamcrest-core-1.3.jar:/Users/itdirectbankbil/mvnrepo/org/hamcrest/hamcrest-library/1.3/hamcrest-library-1.3.jar:/Users/itdirectbankbil/mvnrepo/org/skyscreamer/jsonassert/1.5.0/jsonassert-1.5.0.jar:/Users/itdirectbankbil/mvnrepo/com/vaadin/external/google/android-json/0.0.20131108.vaadin1/android-json-0.0.20131108.vaadin1.jar:/Users/itdirectbankbil/mvnrepo/org/springframework/spring-core/5.1.7.RELEASE/spring-core-5.1.7.RELEASE.jar:/Users/itdirectbankbil/mvnrepo/org/springframework/spring-jcl/5.1.7.RELEASE/spring-jcl-5.1.7.RELEASE.jar:/Users/itdirectbankbil/mvnrepo/org/springframework/spring-test/5.1.7.RELEASE/spring-test-5.1.7.RELEASE.jar:/Users/itdirectbankbil/mvnrepo/org/xmlunit/xmlunit-core/2.6.2/xmlunit-core-2.6.2.jar:/Users/itdirectbankbil/mvnrepo/javax/xml/bind/jaxb-api/2.3.1/jaxb-api-2.3.1.jar:/Users/itdirectbankbil/mvnrepo/javax/activation/javax.activation-api/1.2.0/javax.activation-api-1.2.0.jar:/Users/itdirectbankbil/mvnrepo/org/springframework/cloud/spring-cloud-starter-openfeign/2.1.1.RELEASE/spring-cloud-starter-openfeign-2.1.1.RELEASE.jar:/Users/itdirectbankbil/mvnrepo/org/springframework/cloud/spring-cloud-starter/2.1.1.RELEASE/spring-cloud-starter-2.1.1.RELEASE.jar:/Users/itdirectbankbil/mvnrepo/org/springframework/cloud/spring-cloud-context/2.1.1.RELEASE/spring-cloud-context-2.1.1.RELEASE.jar:/Users/itdirectbankbil/mvnrepo/org/springframework/security/spring-security-rsa/1.0.7.RELEASE/spring-security-rsa-1.0.7.RELEASE.jar:/Users/itdirectbankbil/mvnrepo/org/bouncycastle/bcpkix-jdk15on/1.60/bcpkix-jdk15on-1.60.jar:/Users/itdirectbankbil/mvnrepo/org/bouncycastle/bcprov-jdk15on/1.60/bcprov-jdk15on-1.60.jar:/Users/itdirectbankbil/mvnrepo/org/springframework/cloud/spring-cloud-openfeign-core/2.1.1.RELEASE/spring-cloud-openfeign-core-2.1.1.RELEASE.jar:/Users/itdirectbankbil/mvnrepo/org/springframework/cloud/spring-cloud-netflix-ribbon/2.1.1.RELEASE/spring-cloud-netflix-ribbon-2.1.1.RELEASE.jar:/Users/itdirectbankbil/mvnrepo/org/springframework/cloud/spring-cloud-netflix-archaius/2.1.1.RELEASE/spring-cloud-netflix-archaius-2.1.1.RELEASE.jar:/Users/itdirectbankbil/mvnrepo/org/springframework/boot/spring-boot-starter-aop/2.1.5.RELEASE/spring-boot-starter-aop-2.1.5.RELEASE.jar:/Users/itdirectbankbil/mvnrepo/org/springframework/spring-aop/5.1.7.RELEASE/spring-aop-5.1.7.RELEASE.jar:/Users/itdirectbankbil/mvnrepo/org/aspectj/aspectjweaver/1.9.4/aspectjweaver-1.9.4.jar:/Users/itdirectbankbil/mvnrepo/io/github/openfeign/form/feign-form-spring/3.5.0/feign-form-spring-3.5.0.jar:/Users/itdirectbankbil/mvnrepo/io/github/openfeign/form/feign-form/3.5.0/feign-form-3.5.0.jar:/Users/itdirectbankbil/mvnrepo/commons-fileupload/commons-fileupload/1.3.3/commons-fileupload-1.3.3.jar:/Users/itdirectbankbil/mvnrepo/commons-io/commons-io/2.2/commons-io-2.2.jar:/Users/itdirectbankbil/mvnrepo/org/springframework/spring-web/5.1.7.RELEASE/spring-web-5.1.7.RELEASE.jar:/Users/itdirectbankbil/mvnrepo/org/springframework/spring-beans/5.1.7.RELEASE/spring-beans-5.1.7.RELEASE.jar:/Users/itdirectbankbil/mvnrepo/org/springframework/cloud/spring-cloud-commons/2.1.1.RELEASE/spring-cloud-commons-2.1.1.RELEASE.jar:/Users/itdirectbankbil/mvnrepo/org/springframework/security/spring-security-crypto/5.1.5.RELEASE/spring-security-crypto-5.1.5.RELEASE.jar:/Users/itdirectbankbil/mvnrepo/io/github/openfeign/feign-core/10.1.0/feign-core-10.1.0.jar:/Users/itdirectbankbil/mvnrepo/io/github/openfeign/feign-slf4j/10.1.0/feign-slf4j-10.1.0.jar:/Users/itdirectbankbil/mvnrepo/io/github/openfeign/feign-hystrix/10.1.0/feign-hystrix-10.1.0.jar:/Users/itdirectbankbil/mvnrepo/com/netflix/archaius/archaius-core/0.6.6/archaius-core-0.6.6.jar:/Users/itdirectbankbil/mvnrepo/com/google/code/findbugs/annotations/2.0.0/annotations-2.0.0.jar:/Users/itdirectbankbil/mvnrepo/commons-configuration/commons-configuration/1.8/commons-configuration-1.8.jar:/Users/itdirectbankbil/mvnrepo/commons-lang/commons-lang/2.6/commons-lang-2.6.jar:/Users/itdirectbankbil/mvnrepo/com/fasterxml/jackson/core/jackson-annotations/2.9.0/jackson-annotations-2.9.0.jar:/Users/itdirectbankbil/mvnrepo/com/fasterxml/jackson/core/jackson-core/2.9.8/jackson-core-2.9.8.jar:/Users/itdirectbankbil/mvnrepo/com/fasterxml/jackson/core/jackson-databind/2.9.8/jackson-databind-2.9.8.jar:/Users/itdirectbankbil/mvnrepo/com/netflix/hystrix/hystrix-core/1.4.26/hystrix-core-1.4.26.jar:/Users/itdirectbankbil/mvnrepo/io/reactivex/rxjava/1.3.8/rxjava-1.3.8.jar:/Users/itdirectbankbil/mvnrepo/io/github/openfeign/feign-gson/10.2.3/feign-gson-10.2.3.jar:/Users/itdirectbankbil/mvnrepo/com/google/code/gson/gson/2.8.5/gson-2.8.5.jar:/Users/itdirectbankbil/mvnrepo/org/hibernate/validator/hibernate-validator/6.0.16.Final/hibernate-validator-6.0.16.Final.jar:/Users/itdirectbankbil/mvnrepo/javax/validation/validation-api/2.0.1.Final/validation-api-2.0.1.Final.jar:/Users/itdirectbankbil/mvnrepo/org/jboss/logging/jboss-logging/3.3.2.Final/jboss-logging-3.3.2.Final.jar:/Users/itdirectbankbil/mvnrepo/com/fasterxml/classmate/1.4.0/classmate-1.4.0.jar:/Users/itdirectbankbil/mvnrepo/au/com/dius/pact-jvm-consumer-junit_2.12/3.5.23/pact-jvm-consumer-junit_2.12-3.5.23.jar:/Users/itdirectbankbil/mvnrepo/org/jetbrains/kotlin/kotlin-stdlib-jdk8/1.2.71/kotlin-stdlib-jdk8-1.2.71.jar:/Users/itdirectbankbil/mvnrepo/org/jetbrains/kotlin/kotlin-stdlib/1.2.71/kotlin-stdlib-1.2.71.jar:/Users/itdirectbankbil/mvnrepo/org/jetbrains/kotlin/kotlin-stdlib-common/1.2.71/kotlin-stdlib-common-1.2.71.jar:/Users/itdirectbankbil/mvnrepo/org/jetbrains/annotations/13.0/annotations-13.0.jar:/Users/itdirectbankbil/mvnrepo/org/jetbrains/kotlin/kotlin-stdlib-jdk7/1.2.71/kotlin-stdlib-jdk7-1.2.71.jar:/Users/itdirectbankbil/mvnrepo/org/jetbrains/kotlin/kotlin-reflect/1.2.71/kotlin-reflect-1.2.71.jar:/Users/itdirectbankbil/mvnrepo/org/slf4j/slf4j-api/1.7.26/slf4j-api-1.7.26.jar:/Users/itdirectbankbil/mvnrepo/org/codehaus/groovy/groovy-all/2.4.12/groovy-all-2.4.12-indy.jar:/Users/itdirectbankbil/mvnrepo/io/github/microutils/kotlin-logging/1.4.4/kotlin-logging-1.4.4.jar:/Users/itdirectbankbil/mvnrepo/org/scala-lang/scala-library/2.12.5/scala-library-2.12.5.jar:/Users/itdirectbankbil/mvnrepo/com/typesafe/scala-logging/scala-logging_2.12/3.7.2/scala-logging_2.12-3.7.2.jar:/Users/itdirectbankbil/mvnrepo/au/com/dius/pact-jvm-consumer_2.12/3.5.23/pact-jvm-consumer_2.12-3.5.23.jar:/Users/itdirectbankbil/mvnrepo/au/com/dius/pact-jvm-model/3.5.23/pact-jvm-model-3.5.23.jar:/Users/itdirectbankbil/mvnrepo/au/com/dius/pact-jvm-pact-broker/3.5.23/pact-jvm-pact-broker-3.5.23.jar:/Users/itdirectbankbil/mvnrepo/com/github/salomonbrys/kotson/kotson/2.5.0/kotson-2.5.0.jar:/Users/itdirectbankbil/mvnrepo/org/dmfs/rfc3986-uri/0.8/rfc3986-uri-0.8.jar:/Users/itdirectbankbil/mvnrepo/org/dmfs/iterators/1.5/iterators-1.5.jar:/Users/itdirectbankbil/mvnrepo/org/dmfs/optional/0.3/optional-0.3.jar:/Users/itdirectbankbil/mvnrepo/com/github/zafarkhaja/java-semver/0.9.0/java-semver-0.9.0.jar:/Users/itdirectbankbil/mvnrepo/com/amazonaws/aws-java-sdk-s3/1.11.30/aws-java-sdk-s3-1.11.30.jar:/Users/itdirectbankbil/mvnrepo/com/amazonaws/aws-java-sdk-kms/1.11.30/aws-java-sdk-kms-1.11.30.jar:/Users/itdirectbankbil/mvnrepo/com/amazonaws/aws-java-sdk-core/1.11.30/aws-java-sdk-core-1.11.30.jar:/Users/itdirectbankbil/mvnrepo/com/fasterxml/jackson/dataformat/jackson-dataformat-cbor/2.9.8/jackson-dataformat-cbor-2.9.8.jar:/Users/itdirectbankbil/mvnrepo/joda-time/joda-time/2.10.2/joda-time-2.10.2.jar:/Users/itdirectbankbil/mvnrepo/com/amazonaws/jmespath-java/1.0/jmespath-java-1.0.jar:/Users/itdirectbankbil/mvnrepo/org/apache/commons/commons-collections4/4.1/commons-collections4-4.1.jar:/Users/itdirectbankbil/mvnrepo/com/github/mifmif/generex/1.0.1/generex-1.0.1.jar:/Users/itdirectbankbil/mvnrepo/javax/mail/mail/1.5.0-b01/mail-1.5.0-b01.jar:/Users/itdirectbankbil/mvnrepo/javax/activation/activation/1.1/activation-1.1.jar:/Users/itdirectbankbil/mvnrepo/au/com/dius/pact-jvm-matchers_2.12/3.5.23/pact-jvm-matchers_2.12-3.5.23.jar:/Users/itdirectbankbil/mvnrepo/io/gatling/jsonpath_2.12/0.6.9/jsonpath_2.12-0.6.9.jar:/Users/itdirectbankbil/mvnrepo/org/scala-lang/modules/scala-parser-combinators_2.12/1.0.5/scala-parser-combinators_2.12-1.0.5.jar:/Users/itdirectbankbil/mvnrepo/org/scala-lang/modules/scala-xml_2.12/1.0.6/scala-xml_2.12-1.0.6.jar:/Users/itdirectbankbil/mvnrepo/com/googlecode/java-diff-utils/diffutils/1.3.0/diffutils-1.3.0.jar:/Users/itdirectbankbil/mvnrepo/dk/brics/automaton/automaton/1.11-8/automaton-1.11-8.jar:/Users/itdirectbankbil/mvnrepo/org/apache/httpcomponents/httpclient/4.5.8/httpclient-4.5.8.jar:/Users/itdirectbankbil/mvnrepo/org/apache/httpcomponents/httpcore/4.4.11/httpcore-4.4.11.jar:/Users/itdirectbankbil/mvnrepo/commons-codec/commons-codec/1.11/commons-codec-1.11.jar:/Users/itdirectbankbil/mvnrepo/io/netty/netty-handler/4.1.36.Final/netty-handler-4.1.36.Final.jar:/Users/itdirectbankbil/mvnrepo/io/netty/netty-common/4.1.36.Final/netty-common-4.1.36.Final.jar:/Users/itdirectbankbil/mvnrepo/io/netty/netty-buffer/4.1.36.Final/netty-buffer-4.1.36.Final.jar:/Users/itdirectbankbil/mvnrepo/io/netty/netty-transport/4.1.36.Final/netty-transport-4.1.36.Final.jar:/Users/itdirectbankbil/mvnrepo/io/netty/netty-resolver/4.1.36.Final/netty-resolver-4.1.36.Final.jar:/Users/itdirectbankbil/mvnrepo/io/netty/netty-codec/4.1.36.Final/netty-codec-4.1.36.Final.jar:/Users/itdirectbankbil/mvnrepo/org/apache/httpcomponents/httpmime/4.5.8/httpmime-4.5.8.jar:/Users/itdirectbankbil/mvnrepo/ws/unfiltered/unfiltered-netty-server_2.12/0.9.1/unfiltered-netty-server_2.12-0.9.1.jar:/Users/itdirectbankbil/mvnrepo/ws/unfiltered/unfiltered-netty_2.12/0.9.1/unfiltered-netty_2.12-0.9.1.jar:/Users/itdirectbankbil/mvnrepo/ws/unfiltered/unfiltered_2.12/0.9.1/unfiltered_2.12-0.9.1.jar:/Users/itdirectbankbil/mvnrepo/io/netty/netty-codec-http/4.1.36.Final/netty-codec-http-4.1.36.Final.jar:/Users/itdirectbankbil/mvnrepo/ws/unfiltered/unfiltered-util_2.12/0.9.1/unfiltered-util_2.12-0.9.1.jar:/Users/itdirectbankbil/mvnrepo/org/apache/httpcomponents/fluent-hc/4.5.8/fluent-hc-4.5.8.jar:/Users/itdirectbankbil/mvnrepo/commons-logging/commons-logging/1.2/commons-logging-1.2.jar:/Users/itdirectbankbil/mvnrepo/org/scala-lang/modules/scala-java8-compat_2.12/0.8.0/scala-java8-compat_2.12-0.8.0.jar:/Users/itdirectbankbil/mvnrepo/org/json/json/20160212/json-20160212.jar:/Users/itdirectbankbil/mvnrepo/org/apache/commons/commons-lang3/3.8.1/commons-lang3-3.8.1.jar:/Users/itdirectbankbil/mvnrepo/com/google/guava/guava/18.0/guava-18.0.jar:/Users/itdirectbankbil/mvnrepo/junit/junit/4.12/junit-4.12.jar:"/>
    <property name="sun.cpu.endian" value="little"/>
    <property name="user.home" value="/Users/itdirectbankbil"/>
    <property name="user.language" value="fr"/>
    <property name="java.specification.vendor" value="Oracle Corporation"/>
    <property name="java.version.date" value="2019-01-15"/>
    <property name="java.home" value="/Applications/jdk-11.0.2.jdk/Contents/Home"/>
    <property name="file.separator" value="/"/>
    <property name="basedir" value="/Users/itdirectbankbil/IdeaProjects/contracts-lab/simson-client-pact"/>
    <property name="java.vm.compressedOopsMode" value="Zero based"/>
    <property name="line.separator" value="&#10;"/>
    <property name="java.specification.name" value="Java Platform API Specification"/>
    <property name="java.vm.specification.vendor" value="Oracle Corporation"/>
    <property name="java.awt.graphicsenv" value="sun.awt.CGraphicsEnvironment"/>
    <property name="surefire.real.class.path" value="/Users/itdirectbankbil/IdeaProjects/contracts-lab/simson-client-pact/target/surefire/surefirebooter10247509155528308753.jar"/>
    <property name="sun.management.compiler" value="HotSpot 64-Bit Tiered Compilers"/>
    <property name="java.runtime.version" value="11.0.2+9"/>
    <property name="user.name" value="itdirectbankbil"/>
    <property name="path.separator" value=":"/>
    <property name="os.version" value="10.14.1"/>
    <property name="java.runtime.name" value="OpenJDK Runtime Environment"/>
    <property name="file.encoding" value="UTF-8"/>
    <property name="java.vm.name" value="OpenJDK 64-Bit Server VM"/>
    <property name="java.vendor.version" value="18.9"/>
    <property name="localRepository" value="/Users/itdirectbankbil/mvnrepo"/>
    <property name="java.vendor.url.bug" value="http://bugreport.java.com/bugreport/"/>
    <property name="java.io.tmpdir" value="/var/folders/82/hrlg9b2j10q5xbf_yfs4z38h0000gn/T/"/>
    <property name="java.version" value="11.0.2"/>
    <property name="user.dir" value="/Users/itdirectbankbil/IdeaProjects/contracts-lab/simson-client-pact"/>
    <property name="os.arch" value="x86_64"/>
    <property name="java.vm.specification.name" value="Java Virtual Machine Specification"/>
    <property name="java.awt.printerjob" value="sun.lwawt.macosx.CPrinterJob"/>
    <property name="sun.os.patch.level" value="unknown"/>
    <property name="idea.version2019.1.1" value="true"/>
    <property name="java.library.path" value="/Users/itdirectbankbil/Library/Java/Extensions:/Library/Java/Extensions:/Network/Library/Java/Extensions:/System/Library/Java/Extensions:/usr/lib/java:."/>
    <property name="java.vendor" value="Oracle Corporation"/>
    <property name="java.vm.info" value="mixed mode"/>
    <property name="java.vm.version" value="11.0.2+9"/>
    <property name="sun.io.unicode.encoding" value="UnicodeBig"/>
    <property name="java.class.version" value="55.0"/>
  </properties>
  <testcase name="runDonuts" classname="com.bil.contract.simson.ContractTest" time="1.382"/>
</testsuite>